<?xml version="1.0" encoding="UTF-8"?>
<!-- Generated by org.testng.reporters.JUnitReportReporter -->
<testsuite hostname="SIGU-DL-19-N-07" failures="0" tests="179" name="testclasses.GetFontTest" time="10419.957" errors="0" timestamp="2023-09-12T13:56:28 IST" skipped="0">
  <testcase classname="testclasses.GetFontTest" name="getFontFamily" time="16.637"/>
  <system-out/>
  <testcase classname="testclasses.GetFontTest" name="getFontFamily" time="24.400"/>
  <system-out/>
  <testcase classname="testclasses.GetFontTest" name="getFontFamily" time="409.133"/>
  <system-out/>
  <testcase classname="testclasses.GetFontTest" name="getFontFamily" time="10.690"/>
  <system-out/>
  <testcase classname="testclasses.GetFontTest" name="getFontFamily" time="101.530"/>
  <system-out/>
  <testcase classname="testclasses.GetFontTest" name="getFontFamily" time="25.053"/>
  <system-out/>
  <testcase classname="testclasses.GetFontTest" name="getFontFamily" time="29.772"/>
  <system-out/>
  <testcase classname="testclasses.GetFontTest" name="getFontFamily" time="28.074"/>
  <system-out/>
  <testcase classname="testclasses.GetFontTest" name="getFontFamily" time="21.173"/>
  <system-out/>
  <testcase classname="testclasses.GetFontTest" name="getFontFamily" time="16.103"/>
  <system-out/>
  <testcase classname="testclasses.GetFontTest" name="getFontFamily" time="11.084"/>
  <system-out/>
  <testcase classname="testclasses.GetFontTest" name="getFontFamily" time="17.214"/>
  <system-out/>
  <testcase classname="testclasses.GetFontTest" name="getFontFamily" time="33.192"/>
  <system-out/>
  <testcase classname="testclasses.GetFontTest" name="getFontFamily" time="13.486"/>
  <system-out/>
  <testcase classname="testclasses.GetFontTest" name="getFontFamily" time="12.368"/>
  <system-out/>
  <testcase classname="testclasses.GetFontTest" name="getFontFamily" time="74.538"/>
  <system-out/>
  <testcase classname="testclasses.GetFontTest" name="getFontFamily" time="39.381"/>
  <system-out/>
  <testcase classname="testclasses.GetFontTest" name="getFontFamily" time="13.435"/>
  <system-out/>
  <testcase classname="testclasses.GetFontTest" name="getFontFamily" time="15.869"/>
  <system-out/>
  <testcase classname="testclasses.GetFontTest" name="getFontFamily" time="12.551"/>
  <system-out/>
  <testcase classname="testclasses.GetFontTest" name="getFontFamily" time="20.531"/>
  <system-out/>
  <testcase classname="testclasses.GetFontTest" name="getFontFamily" time="11.533"/>
  <system-out/>
  <testcase classname="testclasses.GetFontTest" name="getFontFamily" time="195.164"/>
  <system-out/>
  <testcase classname="testclasses.GetFontTest" name="getFontFamily" time="63.172"/>
  <system-out/>
  <testcase classname="testclasses.GetFontTest" name="getFontFamily" time="33.492"/>
  <system-out/>
  <testcase classname="testclasses.GetFontTest" name="getFontFamily" time="16.244"/>
  <system-out/>
  <testcase classname="testclasses.GetFontTest" name="getFontFamily" time="16.765"/>
  <system-out/>
  <testcase classname="testclasses.GetFontTest" name="getFontFamily" time="215.031"/>
  <system-out/>
  <testcase classname="testclasses.GetFontTest" name="getFontFamily" time="9.141"/>
  <system-out/>
  <testcase classname="testclasses.GetFontTest" name="getFontFamily" time="13.757"/>
  <system-out/>
  <testcase classname="testclasses.GetFontTest" name="getFontFamily" time="103.564"/>
  <system-out/>
  <testcase classname="testclasses.GetFontTest" name="getFontFamily" time="11.662"/>
  <system-out/>
  <testcase classname="testclasses.GetFontTest" name="getFontFamily" time="26.979"/>
  <system-out/>
  <testcase classname="testclasses.GetFontTest" name="getFontFamily" time="12.497"/>
  <system-out/>
  <testcase classname="testclasses.GetFontTest" name="getFontFamily" time="21.136"/>
  <system-out/>
  <testcase classname="testclasses.GetFontTest" name="getFontFamily" time="25.278"/>
  <system-out/>
  <testcase classname="testclasses.GetFontTest" name="getFontFamily" time="370.842"/>
  <system-out/>
  <testcase classname="testclasses.GetFontTest" name="getFontFamily" time="25.617"/>
  <system-out/>
  <testcase classname="testclasses.GetFontTest" name="getFontFamily" time="13.540"/>
  <system-out/>
  <testcase classname="testclasses.GetFontTest" name="getFontFamily" time="21.938"/>
  <system-out/>
  <testcase classname="testclasses.GetFontTest" name="getFontFamily" time="439.273"/>
  <system-out/>
  <testcase classname="testclasses.GetFontTest" name="getFontFamily" time="125.267"/>
  <system-out/>
  <testcase classname="testclasses.GetFontTest" name="getFontFamily" time="115.530"/>
  <system-out/>
  <testcase classname="testclasses.GetFontTest" name="getFontFamily" time="112.592"/>
  <system-out/>
  <testcase classname="testclasses.GetFontTest" name="getFontFamily" time="14.006"/>
  <system-out/>
  <testcase classname="testclasses.GetFontTest" name="getFontFamily" time="11.816"/>
  <system-out/>
  <testcase classname="testclasses.GetFontTest" name="getFontFamily" time="35.067"/>
  <system-out/>
  <testcase classname="testclasses.GetFontTest" name="getFontFamily" time="32.692"/>
  <system-out/>
  <testcase classname="testclasses.GetFontTest" name="getFontFamily" time="14.904"/>
  <system-out/>
  <testcase classname="testclasses.GetFontTest" name="getFontFamily" time="13.735"/>
  <system-out/>
  <testcase classname="testclasses.GetFontTest" name="getFontFamily" time="12.293"/>
  <system-out/>
  <testcase classname="testclasses.GetFontTest" name="getFontFamily" time="35.280"/>
  <system-out/>
  <testcase classname="testclasses.GetFontTest" name="getFontFamily" time="59.966"/>
  <system-out/>
  <testcase classname="testclasses.GetFontTest" name="getFontFamily" time="13.448"/>
  <system-out/>
  <testcase classname="testclasses.GetFontTest" name="getFontFamily" time="12.479"/>
  <system-out/>
  <testcase classname="testclasses.GetFontTest" name="getFontFamily" time="10.823"/>
  <system-out/>
  <testcase classname="testclasses.GetFontTest" name="getFontFamily" time="105.703"/>
  <system-out/>
  <testcase classname="testclasses.GetFontTest" name="getFontFamily" time="18.447"/>
  <system-out/>
  <testcase classname="testclasses.GetFontTest" name="getFontFamily" time="10.317"/>
  <system-out/>
  <testcase classname="testclasses.GetFontTest" name="getFontFamily" time="18.417"/>
  <system-out/>
  <testcase classname="testclasses.GetFontTest" name="getFontFamily" time="12.374"/>
  <system-out/>
  <testcase classname="testclasses.GetFontTest" name="getFontFamily" time="438.238"/>
  <system-out/>
  <testcase classname="testclasses.GetFontTest" name="getFontFamily" time="12.080"/>
  <system-out/>
  <testcase classname="testclasses.GetFontTest" name="getFontFamily" time="17.884"/>
  <system-out/>
  <testcase classname="testclasses.GetFontTest" name="getFontFamily" time="23.720"/>
  <system-out/>
  <testcase classname="testclasses.GetFontTest" name="getFontFamily" time="24.669"/>
  <system-out/>
  <testcase classname="testclasses.GetFontTest" name="getFontFamily" time="20.582"/>
  <system-out/>
  <testcase classname="testclasses.GetFontTest" name="getFontFamily" time="19.146"/>
  <system-out/>
  <testcase classname="testclasses.GetFontTest" name="getFontFamily" time="10.600"/>
  <system-out/>
  <testcase classname="testclasses.GetFontTest" name="getFontFamily" time="34.831"/>
  <system-out/>
  <testcase classname="testclasses.GetFontTest" name="getFontFamily" time="18.705"/>
  <system-out/>
  <testcase classname="testclasses.GetFontTest" name="getFontFamily" time="29.924"/>
  <system-out/>
  <testcase classname="testclasses.GetFontTest" name="getFontFamily" time="10.389"/>
  <system-out/>
  <testcase classname="testclasses.GetFontTest" name="getFontFamily" time="54.704"/>
  <system-out/>
  <testcase classname="testclasses.GetFontTest" name="getFontFamily" time="26.801"/>
  <system-out/>
  <testcase classname="testclasses.GetFontTest" name="getFontFamily" time="8.633"/>
  <system-out/>
  <testcase classname="testclasses.GetFontTest" name="getFontFamily" time="200.993"/>
  <system-out/>
  <testcase classname="testclasses.GetFontTest" name="getFontFamily" time="9.465"/>
  <system-out/>
  <testcase classname="testclasses.GetFontTest" name="getFontFamily" time="14.972"/>
  <system-out/>
  <testcase classname="testclasses.GetFontTest" name="getFontFamily" time="249.217"/>
  <system-out/>
  <testcase classname="testclasses.GetFontTest" name="getFontFamily" time="850.042"/>
  <system-out/>
  <testcase classname="testclasses.GetFontTest" name="getFontFamily" time="13.437"/>
  <system-out/>
  <testcase classname="testclasses.GetFontTest" name="getFontFamily" time="18.212"/>
  <system-out/>
  <testcase classname="testclasses.GetFontTest" name="getFontFamily" time="17.416"/>
  <system-out/>
  <testcase classname="testclasses.GetFontTest" name="getFontFamily" time="368.542"/>
  <system-out/>
  <testcase classname="testclasses.GetFontTest" name="getFontFamily" time="72.174"/>
  <system-out/>
  <testcase classname="testclasses.GetFontTest" name="getFontFamily" time="10.579"/>
  <system-out/>
  <testcase classname="testclasses.GetFontTest" name="getFontFamily" time="11.070"/>
  <system-out/>
  <testcase classname="testclasses.GetFontTest" name="getFontFamily" time="17.492"/>
  <system-out/>
  <testcase classname="testclasses.GetFontTest" name="getFontFamily" time="33.453"/>
  <system-out/>
  <testcase classname="testclasses.GetFontTest" name="getFontFamily" time="18.895"/>
  <system-out/>
  <testcase classname="testclasses.GetFontTest" name="getFontFamily" time="7.696"/>
  <system-out/>
  <testcase classname="testclasses.GetFontTest" name="getFontFamily" time="13.230"/>
  <system-out/>
  <testcase classname="testclasses.GetFontTest" name="getFontFamily" time="9.843"/>
  <system-out/>
  <testcase classname="testclasses.GetFontTest" name="getFontFamily" time="6.679"/>
  <system-out/>
  <testcase classname="testclasses.GetFontTest" name="getFontFamily" time="164.387"/>
  <system-out/>
  <testcase classname="testclasses.GetFontTest" name="getFontFamily" time="10.110"/>
  <system-out/>
  <testcase classname="testclasses.GetFontTest" name="getFontFamily" time="12.450"/>
  <system-out/>
  <testcase classname="testclasses.GetFontTest" name="getFontFamily" time="17.835"/>
  <system-out/>
  <testcase classname="testclasses.GetFontTest" name="getFontFamily" time="832.290"/>
  <system-out/>
  <testcase classname="testclasses.GetFontTest" name="getFontFamily" time="12.715"/>
  <system-out/>
  <testcase classname="testclasses.GetFontTest" name="getFontFamily" time="11.263"/>
  <system-out/>
  <testcase classname="testclasses.GetFontTest" name="getFontFamily" time="13.150"/>
  <system-out/>
  <testcase classname="testclasses.GetFontTest" name="getFontFamily" time="10.571"/>
  <system-out/>
  <testcase classname="testclasses.GetFontTest" name="getFontFamily" time="39.544"/>
  <system-out/>
  <testcase classname="testclasses.GetFontTest" name="getFontFamily" time="9.343"/>
  <system-out/>
  <testcase classname="testclasses.GetFontTest" name="getFontFamily" time="39.123"/>
  <system-out/>
  <testcase classname="testclasses.GetFontTest" name="getFontFamily" time="14.638"/>
  <system-out/>
  <testcase classname="testclasses.GetFontTest" name="getFontFamily" time="19.664"/>
  <system-out/>
  <testcase classname="testclasses.GetFontTest" name="getFontFamily" time="246.916"/>
  <system-out/>
  <testcase classname="testclasses.GetFontTest" name="getFontFamily" time="63.801"/>
  <system-out/>
  <testcase classname="testclasses.GetFontTest" name="getFontFamily" time="15.189"/>
  <system-out/>
  <testcase classname="testclasses.GetFontTest" name="getFontFamily" time="14.398"/>
  <system-out/>
  <testcase classname="testclasses.GetFontTest" name="getFontFamily" time="9.588"/>
  <system-out/>
  <testcase classname="testclasses.GetFontTest" name="getFontFamily" time="32.773"/>
  <system-out/>
  <testcase classname="testclasses.GetFontTest" name="getFontFamily" time="182.466"/>
  <system-out/>
  <testcase classname="testclasses.GetFontTest" name="getFontFamily" time="12.484"/>
  <system-out/>
  <testcase classname="testclasses.GetFontTest" name="getFontFamily" time="19.059"/>
  <system-out/>
  <testcase classname="testclasses.GetFontTest" name="getFontFamily" time="11.237"/>
  <system-out/>
  <testcase classname="testclasses.GetFontTest" name="getFontFamily" time="25.957"/>
  <system-out/>
  <testcase classname="testclasses.GetFontTest" name="getFontFamily" time="22.194"/>
  <system-out/>
  <testcase classname="testclasses.GetFontTest" name="getFontFamily" time="7.710"/>
  <system-out/>
  <testcase classname="testclasses.GetFontTest" name="getFontFamily" time="29.540"/>
  <system-out/>
  <testcase classname="testclasses.GetFontTest" name="getFontFamily" time="12.678"/>
  <system-out/>
  <testcase classname="testclasses.GetFontTest" name="getFontFamily" time="14.022"/>
  <system-out/>
  <testcase classname="testclasses.GetFontTest" name="getFontFamily" time="15.679"/>
  <system-out/>
  <testcase classname="testclasses.GetFontTest" name="getFontFamily" time="11.117"/>
  <system-out/>
  <testcase classname="testclasses.GetFontTest" name="getFontFamily" time="22.748"/>
  <system-out/>
  <testcase classname="testclasses.GetFontTest" name="getFontFamily" time="11.702"/>
  <system-out/>
  <testcase classname="testclasses.GetFontTest" name="getFontFamily" time="21.426"/>
  <system-out/>
  <testcase classname="testclasses.GetFontTest" name="getFontFamily" time="38.182"/>
  <system-out/>
  <testcase classname="testclasses.GetFontTest" name="getFontFamily" time="7.981"/>
  <system-out/>
  <testcase classname="testclasses.GetFontTest" name="getFontFamily" time="27.878"/>
  <system-out/>
  <testcase classname="testclasses.GetFontTest" name="getFontFamily" time="26.619"/>
  <system-out/>
  <testcase classname="testclasses.GetFontTest" name="getFontFamily" time="24.367"/>
  <system-out/>
  <testcase classname="testclasses.GetFontTest" name="getFontFamily" time="35.570"/>
  <system-out/>
  <testcase classname="testclasses.GetFontTest" name="getFontFamily" time="34.429"/>
  <system-out/>
  <testcase classname="testclasses.GetFontTest" name="getFontFamily" time="12.672"/>
  <system-out/>
  <testcase classname="testclasses.GetFontTest" name="getFontFamily" time="16.780"/>
  <system-out/>
  <testcase classname="testclasses.GetFontTest" name="getFontFamily" time="14.797"/>
  <system-out/>
  <testcase classname="testclasses.GetFontTest" name="getFontFamily" time="24.655"/>
  <system-out/>
  <testcase classname="testclasses.GetFontTest" name="getFontFamily" time="71.338"/>
  <system-out/>
  <testcase classname="testclasses.GetFontTest" name="getFontFamily" time="12.411"/>
  <system-out/>
  <testcase classname="testclasses.GetFontTest" name="getFontFamily" time="40.224"/>
  <system-out/>
  <testcase classname="testclasses.GetFontTest" name="getFontFamily" time="37.455"/>
  <system-out/>
  <testcase classname="testclasses.GetFontTest" name="getFontFamily" time="34.416"/>
  <system-out/>
  <testcase classname="testclasses.GetFontTest" name="getFontFamily" time="11.346"/>
  <system-out/>
  <testcase classname="testclasses.GetFontTest" name="getFontFamily" time="63.653"/>
  <system-out/>
  <testcase classname="testclasses.GetFontTest" name="getFontFamily" time="26.839"/>
  <system-out/>
  <testcase classname="testclasses.GetFontTest" name="getFontFamily" time="8.983"/>
  <system-out/>
  <testcase classname="testclasses.GetFontTest" name="getFontFamily" time="19.949"/>
  <system-out/>
  <testcase classname="testclasses.GetFontTest" name="getFontFamily" time="11.219"/>
  <system-out/>
  <testcase classname="testclasses.GetFontTest" name="getFontFamily" time="170.916"/>
  <system-out/>
  <testcase classname="testclasses.GetFontTest" name="getFontFamily" time="19.183"/>
  <system-out/>
  <testcase classname="testclasses.GetFontTest" name="getFontFamily" time="14.373"/>
  <system-out/>
  <testcase classname="testclasses.GetFontTest" name="getFontFamily" time="8.886"/>
  <system-out/>
  <testcase classname="testclasses.GetFontTest" name="getFontFamily" time="59.899"/>
  <system-out/>
  <testcase classname="testclasses.GetFontTest" name="getFontFamily" time="229.270"/>
  <system-out/>
  <testcase classname="testclasses.GetFontTest" name="getFontFamily" time="65.816"/>
  <system-out/>
  <testcase classname="testclasses.GetFontTest" name="getFontFamily" time="40.256"/>
  <system-out/>
  <testcase classname="testclasses.GetFontTest" name="getFontFamily" time="16.585"/>
  <system-out/>
  <testcase classname="testclasses.GetFontTest" name="getFontFamily" time="18.142"/>
  <system-out/>
  <testcase classname="testclasses.GetFontTest" name="getFontFamily" time="9.655"/>
  <system-out/>
  <testcase classname="testclasses.GetFontTest" name="getFontFamily" time="13.747"/>
  <system-out/>
  <testcase classname="testclasses.GetFontTest" name="getFontFamily" time="13.949"/>
  <system-out/>
  <testcase classname="testclasses.GetFontTest" name="getFontFamily" time="48.638"/>
  <system-out/>
  <testcase classname="testclasses.GetFontTest" name="getFontFamily" time="8.308"/>
  <system-out/>
  <testcase classname="testclasses.GetFontTest" name="getFontFamily" time="93.052"/>
  <system-out/>
  <testcase classname="testclasses.GetFontTest" name="getFontFamily" time="9.945"/>
  <system-out/>
  <testcase classname="testclasses.GetFontTest" name="getFontFamily" time="49.028"/>
  <system-out/>
  <testcase classname="testclasses.GetFontTest" name="getFontFamily" time="18.040"/>
  <system-out/>
  <testcase classname="testclasses.GetFontTest" name="getFontFamily" time="137.198"/>
  <system-out/>
  <testcase classname="testclasses.GetFontTest" name="getFontFamily" time="25.605"/>
  <system-out/>
  <testcase classname="testclasses.GetFontTest" name="getFontFamily" time="54.970"/>
  <system-out/>
  <testcase classname="testclasses.GetFontTest" name="getFontFamily" time="44.465"/>
  <system-out/>
  <testcase classname="testclasses.GetFontTest" name="getFontFamily" time="430.773"/>
  <system-out/>
  <testcase classname="testclasses.GetFontTest" name="getFontFamily" time="98.181"/>
  <system-out/>
  <testcase classname="testclasses.GetFontTest" name="getFontFamily" time="19.798"/>
  <system-out/>
  <testcase classname="testclasses.GetFontTest" name="getFontFamily" time="17.441"/>
  <system-out/>
</testsuite> <!-- testclasses.GetFontTest -->
